Unity Editor version:    2021.3.21f1 (1b156197d683)
Branch:                  2021.3/staging
Build type:              Release
Batch mode:              YES
macOS version:           Version 12.5.1 (Build 21G83)
Darwin version:          21.6.0
Architecture:            arm64
Running under Rosetta:   NO
Available memory:        16384 MB
Using pre-set license
Pro License: YES

COMMAND LINE ARGUMENTS:
/Applications/Unity/Hub/Editor/2021.3.21f1/Unity.app/Contents/MacOS/Unity
-adb2
-batchMode
-noUpm
-name
AssetImportWorker0
-projectPath
/Users/ac8387/Documents/GitHub/samurai_village_gameaudio_unity/Samurai-Village-Assessment-VA
-logFile
Logs/AssetImportWorker0.log
-srvPort
58098
Successfully changed project path to: /Users/ac8387/Documents/GitHub/samurai_village_gameaudio_unity/Samurai-Village-Assessment-VA
/Users/ac8387/Documents/GitHub/samurai_village_gameaudio_unity/Samurai-Village-Assessment-VA
[UnityMemory] Configuration Parameters - Can be set up in boot.config
    "memorysetup-bucket-allocator-granularity=16"
    "memorysetup-bucket-allocator-bucket-count=8"
    "memorysetup-bucket-allocator-block-size=33554432"
    "memorysetup-bucket-allocator-block-count=8"
    "memorysetup-main-allocator-block-size=16777216"
    "memorysetup-thread-allocator-block-size=16777216"
    "memorysetup-gfx-main-allocator-block-size=16777216"
    "memorysetup-gfx-thread-allocator-block-size=16777216"
    "memorysetup-cache-allocator-block-size=4194304"
    "memorysetup-typetree-allocator-block-size=2097152"
    "memorysetup-profiler-bucket-allocator-granularity=16"
    "memorysetup-profiler-bucket-allocator-bucket-count=8"
    "memorysetup-profiler-bucket-allocator-block-size=33554432"
    "memorysetup-profiler-bucket-allocator-block-count=8"
    "memorysetup-profiler-allocator-block-size=16777216"
    "memorysetup-profiler-editor-allocator-block-size=1048576"
    "memorysetup-temp-allocator-size-main=16777216"
    "memorysetup-job-temp-allocator-block-size=2097152"
    "memorysetup-job-temp-allocator-block-size-background=1048576"
    "memorysetup-job-temp-allocator-reduction-small-platforms=262144"
    "memorysetup-temp-allocator-size-background-worker=32768"
    "memorysetup-temp-allocator-size-job-worker=262144"
    "memorysetup-temp-allocator-size-preload-manager=33554432"
    "memorysetup-temp-allocator-size-nav-mesh-worker=65536"
    "memorysetup-temp-allocator-size-audio-worker=65536"
    "memorysetup-temp-allocator-size-cloud-worker=32768"
    "memorysetup-temp-allocator-size-gi-baking-worker=262144"
    "memorysetup-temp-allocator-size-gfx=262144"
Player connection [4465837440] Host "[IP] 10.60.70.91 [Port] 0 [Flags] 2 [Guid] 901125989 [EditorId] 901125989 [Version] 1048832 [Id] OSXEditor(0,YC5V6WWN7P) [Debug] 1 [PackageName] OSXEditor [ProjectName] Editor" joined multi-casting on [225.0.0.222:54997]...

Player connection [4465837440] Host "[IP] 10.60.70.91 [Port] 0 [Flags] 2 [Guid] 901125989 [EditorId] 901125989 [Version] 1048832 [Id] OSXEditor(0,YC5V6WWN7P) [Debug] 1 [PackageName] OSXEditor [ProjectName] Editor" joined alternative multi-casting on [225.0.0.222:34997]...

Refreshing native plugins compatible for Editor in 207.10 ms, found 2 plugins.
Preloading 0 native plugins for Editor in 0.00 ms.
Initialize engine version: 2021.3.21f1 (1b156197d683)
[Subsystems] Discovering subsystems at path /Applications/Unity/Hub/Editor/2021.3.21f1/Unity.app/Contents/Resources/UnitySubsystems
[Subsystems] Discovering subsystems at path /Users/ac8387/Documents/GitHub/samurai_village_gameaudio_unity/Samurai-Village-Assessment-VA/Assets
GfxDevice: creating device client; threaded=0; jobified=0
 preferred device: Apple M1 Pro (high power)
Metal devices available: 1
0: Apple M1 Pro (high power)
Using device Apple M1 Pro (high power)
Initializing Metal device caps: Apple M1 Pro
Initialize mono
Mono path[0] = '/Applications/Unity/Hub/Editor/2021.3.21f1/Unity.app/Contents/Managed'
Mono path[1] = '/Applications/Unity/Hub/Editor/2021.3.21f1/Unity.app/Contents/MonoBleedingEdge/lib/mono/unityjit-macos'
Mono config path = '/Applications/Unity/Hub/Editor/2021.3.21f1/Unity.app/Contents/MonoBleedingEdge/etc'
Using monoOptions --debugger-agent=transport=dt_socket,embedding=1,server=y,suspend=n,address=127.0.0.1:56373
Begin MonoManager ReloadAssembly
Registering precompiled unity dll's ...
Register platform support module: /Applications/Unity/Hub/Editor/2021.3.21f1/Unity.app/Contents/PlaybackEngines/MacStandaloneSupport/UnityEditor.OSXStandalone.Extensions.dll
Register platform support module: /Applications/Unity/Hub/Editor/2021.3.21f1/PlaybackEngines/AndroidPlayer/UnityEditor.Android.Extensions.dll
Registered in 0.001477 seconds.
Native extension for Android target not found
Android Extension - Scanning For ADB Devices 398 ms
Native extension for OSXStandalone target not found
Refreshing native plugins compatible for Editor in 196.79 ms, found 2 plugins.
Preloading 0 native plugins for Editor in 0.00 ms.
Mono: successfully reloaded assembly
- Completed reload, in  2.019 seconds
Domain Reload Profiling:
	ReloadAssembly (2023ms)
		BeginReloadAssembly (207ms)
			ExecutionOrderSort (0ms)
			DisableScriptedObjects (0ms)
			BackupInstance (0ms)
			ReleaseScriptingObjects (0ms)
			CreateAndSetChildDomain (1ms)
		EndReloadAssembly (1608ms)
			LoadAssemblies (207ms)
			RebuildTransferFunctionScriptingTraits (0ms)
			SetupTypeCache (279ms)
			ReleaseScriptCaches (0ms)
			RebuildScriptCaches (78ms)
			SetupLoadedEditorAssemblies (1152ms)
				LogAssemblyErrors (0ms)
				InitializePlatformSupportModulesInManaged (556ms)
				SetLoadedEditorAssemblies (0ms)
				RefreshPlugins (197ms)
				BeforeProcessingInitializeOnLoad (2ms)
				ProcessInitializeOnLoadAttributes (267ms)
				ProcessInitializeOnLoadMethodAttributes (129ms)
				AfterProcessingInitializeOnLoad (0ms)
				EditorAssembliesLoaded (0ms)
			ExecutionOrderSort2 (0ms)
			AwakeInstancesAfterBackupRestoration (0ms)
Platform modules already initialized, skipping
Registering precompiled user dll's ...
Registered in 0.015854 seconds.
Begin MonoManager ReloadAssembly
Native extension for Android target not found
Native extension for OSXStandalone target not found
Refreshing native plugins compatible for Editor in 183.68 ms, found 2 plugins.
Preloading 0 native plugins for Editor in 0.00 ms.
Mono: successfully reloaded assembly
- Completed reload, in  2.844 seconds
Domain Reload Profiling:
	ReloadAssembly (2845ms)
		BeginReloadAssembly (327ms)
			ExecutionOrderSort (0ms)
			DisableScriptedObjects (12ms)
			BackupInstance (0ms)
			ReleaseScriptingObjects (0ms)
			CreateAndSetChildDomain (128ms)
		EndReloadAssembly (2246ms)
			LoadAssemblies (158ms)
			RebuildTransferFunctionScriptingTraits (0ms)
			SetupTypeCache (666ms)
			ReleaseScriptCaches (1ms)
			RebuildScriptCaches (203ms)
			SetupLoadedEditorAssemblies (1102ms)
				LogAssemblyErrors (0ms)
				InitializePlatformSupportModulesInManaged (35ms)
				SetLoadedEditorAssemblies (0ms)
				RefreshPlugins (184ms)
				BeforeProcessingInitializeOnLoad (183ms)
				ProcessInitializeOnLoadAttributes (550ms)
				ProcessInitializeOnLoadMethodAttributes (148ms)
				AfterProcessingInitializeOnLoad (2ms)
				EditorAssembliesLoaded (0ms)
			ExecutionOrderSort2 (0ms)
			AwakeInstancesAfterBackupRestoration (7ms)
Platform modules already initialized, skipping
========================================================================
Worker process is ready to serve import requests
Launching external process: /Applications/Unity/Hub/Editor/2021.3.21f1/Unity.app/Contents/Tools/UnityShaderCompiler
Launched and connected shader compiler UnityShaderCompiler after 0.15 seconds
Refreshing native plugins compatible for Editor in 1.28 ms, found 2 plugins.
Preloading 0 native plugins for Editor in 0.00 ms.
Unloading 3508 Unused Serialized files (Serialized files now loaded: 0)
Unloading 53 unused Assets / (2.3 MB). Loaded Objects now: 3979.
Memory consumption went from 187.4 MB to 185.1 MB.
Total: 7.105750 ms (FindLiveObjects: 0.259958 ms CreateObjectMapping: 0.117416 ms MarkObjects: 5.565167 ms  DeleteObjects: 1.162209 ms)

AssetImportParameters requested are different than current active one (requested -> active):
  custom:video-decoder-ogg-theora: a1e56fd34408186e4bbccfd4996cb3dc -> 
  custom:container-muxer-webm: aa71ff27fc2769a1b78a27578f13a17b -> 
  custom:container-demuxer-webm: 4f35f7cbe854078d1ac9338744f61a02 -> 
  custom:video-encoder-webm-vp8: eb34c28f22e8b96e1ab97ce403110664 -> 
  custom:framework-osx-AVFoundation: e770b220cccbd017edd2c1fefb359320 -> 
  custom:audio-encoder-webm-vorbis: bf7c407c2cedff20999df2af8eb42d56 -> 
  custom:container-demuxer-ogg: 62fdf1f143b41e24485cea50d1cbac27 -> 
  custom:video-decoder-webm-vp8: 9c59270c3fd7afecdb556c50c9e8de78 -> 
  custom:audio-decoder-ogg-vorbis: bf7c407c2cedff20999df2af8eb42d56 -> 
========================================================================
Received Import Request.
  Time since last request: 102641.495788 seconds.
  path: Assets/PolygonSamurai/Scenes/Demo/Box Volume Profile.asset
  artifactKey: Guid(577659c3aa7ca473eae0ae2e13cf3a51) Importer(815301076,1909f56bfc062723c751e8b465ee728b)
Start importing Assets/PolygonSamurai/Scenes/Demo/Box Volume Profile.asset using Guid(577659c3aa7ca473eae0ae2e13cf3a51) Importer(815301076,1909f56bfc062723c751e8b465ee728b)  -> (artifact id: '13ac714467ee3952b1b377becd2d65e1') in 2.382675 seconds 
========================================================================
Received Import Request.
  Time since last request: 0.000085 seconds.
  path: Assets/PolygonSamurai
  artifactKey: Guid(b4845c85d62cfa943b81cfa35cf0479b) Importer(815301076,1909f56bfc062723c751e8b465ee728b)
Start importing Assets/PolygonSamurai using Guid(b4845c85d62cfa943b81cfa35cf0479b) Importer(815301076,1909f56bfc062723c751e8b465ee728b)  -> (artifact id: '78f18745fa00033f2f311c232f4e3536') in 0.001508 seconds 
========================================================================
Received Import Request.
  Time since last request: 0.000092 seconds.
  path: Assets/Scenes
  artifactKey: Guid(b89352e1184694c7693425e6f262a2e5) Importer(815301076,1909f56bfc062723c751e8b465ee728b)
Start importing Assets/Scenes using Guid(b89352e1184694c7693425e6f262a2e5) Importer(815301076,1909f56bfc062723c751e8b465ee728b)  -> (artifact id: 'ca732fed4a13ddd1f4df42342f323a0f') in 0.001392 seconds 
========================================================================
Received Import Request.
  Time since last request: 0.000069 seconds.
  path: Assets/PolygonSamurai/Scenes/Demo/LightingData.asset
  artifactKey: Guid(ae2b09f16d04f4dfcaef1a371dfa2464) Importer(815301076,1909f56bfc062723c751e8b465ee728b)
Start importing Assets/PolygonSamurai/Scenes/Demo/LightingData.asset using Guid(ae2b09f16d04f4dfcaef1a371dfa2464) Importer(815301076,1909f56bfc062723c751e8b465ee728b)  -> (artifact id: 'badf1e9eea11dca81b58578867ba8772') in 0.006351 seconds 
========================================================================
Received Import Request.
  Time since last request: 0.000113 seconds.
  path: Assets/UniversalRenderPipelineGlobalSettings.asset
  artifactKey: Guid(530113b37e0104f51b76fa8794dd55a7) Importer(815301076,1909f56bfc062723c751e8b465ee728b)
Start importing Assets/UniversalRenderPipelineGlobalSettings.asset using Guid(530113b37e0104f51b76fa8794dd55a7) Importer(815301076,1909f56bfc062723c751e8b465ee728b)  -> (artifact id: '2088223b4afb046fbfc156684fb2fc19') in 0.003844 seconds 
========================================================================
Received Import Request.
  Time since last request: 0.000073 seconds.
  path: Assets/PolygonSamurai/Scenes/Demo
  artifactKey: Guid(d701a806890db46d49a060726f59eee9) Importer(815301076,1909f56bfc062723c751e8b465ee728b)
Start importing Assets/PolygonSamurai/Scenes/Demo using Guid(d701a806890db46d49a060726f59eee9) Importer(815301076,1909f56bfc062723c751e8b465ee728b)  -> (artifact id: 'e2f2d8f2ec1980ca31fcc953196ac697') in 0.001706 seconds 
========================================================================
Received Import Request.
  Time since last request: 0.000113 seconds.
  path: Assets/PolygonSamurai/Scenes/Demo.unity
  artifactKey: Guid(9a36afe203cf34b4fad518f34185f921) Importer(815301076,1909f56bfc062723c751e8b465ee728b)
Start importing Assets/PolygonSamurai/Scenes/Demo.unity using Guid(9a36afe203cf34b4fad518f34185f921) Importer(815301076,1909f56bfc062723c751e8b465ee728b)  -> (artifact id: '1e5efb4d19dac16a56b2a60d8a6ef76b') in 0.001419 seconds 
========================================================================
Received Import Request.
  Time since last request: 3.111909 seconds.
  path: Assets/PolygonSamurai/Scenes/Demo_Profiles
  artifactKey: Guid(efa177c312e304067b28da0fc8e4bcac) Importer(815301076,1909f56bfc062723c751e8b465ee728b)
Start importing Assets/PolygonSamurai/Scenes/Demo_Profiles using Guid(efa177c312e304067b28da0fc8e4bcac) Importer(815301076,1909f56bfc062723c751e8b465ee728b)  -> (artifact id: 'd81698e9d675d8db60f21b8a6e2fb3f5') in 0.001182 seconds 
========================================================================
Received Import Request.
  Time since last request: 0.049418 seconds.
  path: Assets/PolygonSamurai/Scenes/Demo_Profiles/GlobalProcessing Profile.asset
  artifactKey: Guid(6b49c2d681e2246f0b9a82577343a563) Importer(815301076,1909f56bfc062723c751e8b465ee728b)
Start importing Assets/PolygonSamurai/Scenes/Demo_Profiles/GlobalProcessing Profile.asset using Guid(6b49c2d681e2246f0b9a82577343a563) Importer(815301076,1909f56bfc062723c751e8b465ee728b)  -> (artifact id: '35ce50dc1500584217d499f3592d6f59') in 0.003921 seconds 
========================================================================
Received Import Request.
  Time since last request: 22.742845 seconds.
  path: Assets/Scenes/Assessment-Scene.unity
  artifactKey: Guid(9a36afe203cf34b4fad518f34185f921) Importer(815301076,1909f56bfc062723c751e8b465ee728b)
Start importing Assets/Scenes/Assessment-Scene.unity using Guid(9a36afe203cf34b4fad518f34185f921) Importer(815301076,1909f56bfc062723c751e8b465ee728b)  -> (artifact id: '55dfde8f8479e039dfd7061998158aad') in 0.003385 seconds 
