Using pre-set license

 COMMAND LINE ARGUMENTS:
/Applications/Unity/Hub/Editor/2020.2.2f1/Unity.app/Contents/MacOS/Unity
-adb2
-batchMode
-noUpm
-name
AssetImportWorker0
-projectPath
/Users/benweatherill/Documents/GitLab/Smaurai Village Master/Samurai-GameAudio-1
-logFile
Logs/AssetImportWorker0.log
-srvPort
55767
Successfully changed project path to: /Users/benweatherill/Documents/GitLab/Smaurai Village Master/Samurai-GameAudio-1
/Users/benweatherill/Documents/GitLab/Smaurai Village Master/Samurai-GameAudio-1
Using Asset Import Pipeline V2.
Refreshing native plugins compatible for Editor in 65.82 ms, found 1 plugins.
Preloading 0 native plugins for Editor in 0.00 ms.
Initialize engine version: 2020.2.2f1 (068178b99f32)
[Subsystems] Discovering subsystems at path /Applications/Unity/Hub/Editor/2020.2.2f1/Unity.app/Contents/Resources/UnitySubsystems
[Subsystems] Discovering subsystems at path /Users/benweatherill/Documents/GitLab/Smaurai Village Master/Samurai-GameAudio-1/Assets
GfxDevice: creating device client; threaded=0
2021-12-17 14:48:03.470 Unity[59459:502511] (null) preferred device: Apple M1 (high power)
2021-12-17 14:48:03.470 Unity[59459:502511] Metal devices available: 1
2021-12-17 14:48:03.470 Unity[59459:502511] 0: Apple M1 (high power)
2021-12-17 14:48:03.470 Unity[59459:502511] Using device Apple M1 (high power)
Initializing Metal device caps: Apple M1
Shader 'Universal Render Pipeline/Particles/Lit': fallback shader 'Universal Render Pipeline/Particles/SimpleLit' not found
Initialize mono
Mono path[0] = '/Applications/Unity/Hub/Editor/2020.2.2f1/Unity.app/Contents/Managed'
Mono path[1] = '/Applications/Unity/Hub/Editor/2020.2.2f1/Unity.app/Contents/MonoBleedingEdge/lib/mono/unityjit'
Mono config path = '/Applications/Unity/Hub/Editor/2020.2.2f1/Unity.app/Contents/MonoBleedingEdge/etc'
Using monoOptions --debugger-agent=transport=dt_socket,embedding=1,server=y,suspend=n,address=127.0.0.1:56459
Begin MonoManager ReloadAssembly
Registering precompiled unity dll's ...
Register platform support module: /Applications/Unity/Hub/Editor/2020.2.2f1/Unity.app/Contents/PlaybackEngines/MacStandaloneSupport/UnityEditor.OSXStandalone.Extensions.dll
Register platform support module: /Applications/Unity/Hub/Editor/2020.2.2f1/PlaybackEngines/WindowsStandaloneSupport/UnityEditor.WindowsStandalone.Extensions.dll
Registered in 0.001920 seconds.
Native extension for WindowsStandalone target not found
Native extension for OSXStandalone target not found
Refreshing native plugins compatible for Editor in 67.31 ms, found 1 plugins.
Preloading 0 native plugins for Editor in 0.00 ms.
Invoked RoslynAnalysisRunner static constructor.
RoslynAnalysisRunner will not be running.
RoslynAnalysisRunner has terminated.
Mono: successfully reloaded assembly
- Completed reload, in  1.966 seconds
Platform modules already initialized, skipping
Registering precompiled user dll's ...
Registered in 0.000915 seconds.
Begin MonoManager ReloadAssembly
Native extension for WindowsStandalone target not found
Native extension for OSXStandalone target not found
Refreshing native plugins compatible for Editor in 69.06 ms, found 1 plugins.
Preloading 0 native plugins for Editor in 0.00 ms.
Invoked RoslynAnalysisRunner static constructor.
RoslynAnalysisRunner will not be running.
RoslynAnalysisRunner has terminated.
Mono: successfully reloaded assembly
- Completed reload, in  1.943 seconds
Platform modules already initialized, skipping
========================================================================
Worker process is ready to serve import requests
Shader 'Universal Render Pipeline/Particles/Lit': fallback shader 'Universal Render Pipeline/Particles/SimpleLit' not found
Launching external process: /Applications/Unity/Hub/Editor/2020.2.2f1/Unity.app/Contents/Tools/UnityShaderCompiler
Launched and connected shader compiler UnityShaderCompiler after 0.03 seconds
Refreshing native plugins compatible for Editor in 0.96 ms, found 1 plugins.
Preloading 0 native plugins for Editor in 0.00 ms.
Unloading 3097 Unused Serialized files (Serialized files now loaded: 0)
System memory in use before: 288.7 MB.
System memory in use after: 288.4 MB.

Unloading 15 unused Assets to reduce memory usage. Loaded Objects now: 3564.
Total: 2.855542 ms (FindLiveObjects: 0.317875 ms CreateObjectMapping: 0.074208 ms MarkObjects: 2.014041 ms  DeleteObjects: 0.448125 ms)

========================================================================
Received Import Request.
  path: Assets/InputSystem/MainInputActions.inputactions
  artifactKey: Guid(af53bc4ae06f34d7daf0b1debfe02f28) Importer(815301076,1909f56bfc062723c751e8b465ee728b)
Start importing Assets/InputSystem/MainInputActions.inputactions using Guid(af53bc4ae06f34d7daf0b1debfe02f28) Importer(815301076,1909f56bfc062723c751e8b465ee728b)  -> (artifact id: 'a92cb0ee67d54d287de4249476de561b') in 0.526728 seconds
  Import took 0.531001 seconds .

========================================================================
Received Import Request.
  Time since last request: 0.000254 seconds.
  path: Assets/InputSystem
  artifactKey: Guid(809bba2586054486a8d8866fba5e4518) Importer(815301076,1909f56bfc062723c751e8b465ee728b)
Start importing Assets/InputSystem using Guid(809bba2586054486a8d8866fba5e4518) Importer(815301076,1909f56bfc062723c751e8b465ee728b)  -> (artifact id: 'e8e0fe36b2c9e29bc5cb74ffd2514db5') in 0.001540 seconds
  Import took 0.005433 seconds .

========================================================================
Received Import Request.
  Time since last request: 234.983173 seconds.
  path: Assets/InputSystem/MainInputActions.inputactions
  artifactKey: Guid(af53bc4ae06f34d7daf0b1debfe02f28) Importer(815301076,1909f56bfc062723c751e8b465ee728b)
Start importing Assets/InputSystem/MainInputActions.inputactions using Guid(af53bc4ae06f34d7daf0b1debfe02f28) Importer(815301076,1909f56bfc062723c751e8b465ee728b)  -> (artifact id: '756d3ca67cba9dd3d3cb030bbe2030cd') in 0.007246 seconds
  Import took 0.011321 seconds .

